<?xml version="1.0" encoding="UTF-8"?>
<robot generator="Robot 7.1.1 (Python 3.11.7 on darwin)" generated="2025-01-14T18:14:16.468777" rpa="false" schemaversion="5">
<suite id="s1" name="PGFN LINPYS COMERCIO" source="/Users/rafaellacavalcante/PycharmProjects/AstecaProjects/PGFN/tests/PGFN_LINPYS_COMERCIO.robot">
<test id="s1-t1" name="Caso de teste - Acessando o site PGFN e Buscando Parcelamento" line="5">
<kw name="Abrir pagina" owner="PGFN_PARC_keywords">
<kw name="Open Browser" owner="SeleniumLibrary">
<msg time="2025-01-14T18:14:16.574013" level="INFO">Opening browser 'Chrome' to base url 'https://sisparnet.pgfn.fazenda.gov.br/sisparInternet/internet/darf/consultaParcelamentoDarfInternet.xhtml'.</msg>
<arg>${URL}</arg>
<arg>${BROWSER}</arg>
<doc>Opens a new browser instance to the optional ``url``.</doc>
<status status="PASS" start="2025-01-14T18:14:16.573903" elapsed="2.205022"/>
</kw>
<kw name="Maximize Browser Window" owner="SeleniumLibrary">
<doc>Maximizes current browser window.</doc>
<status status="PASS" start="2025-01-14T18:14:18.779742" elapsed="0.393737"/>
</kw>
<status status="PASS" start="2025-01-14T18:14:16.573520" elapsed="2.600088"/>
</kw>
<kw name="Preencher os dados do cliente" owner="PGFN_PARC_keywords">
<kw name="Click Element" owner="SeleniumLibrary">
<msg time="2025-01-14T18:14:19.175532" level="INFO">Clicking element 'xpath=//*[contains(text(), "Permitir")]'.</msg>
<arg>${PERMITIR}</arg>
<doc>Click the element identified by ``locator``.</doc>
<status status="PASS" start="2025-01-14T18:14:19.174692" elapsed="0.248772"/>
</kw>
<kw name="Input Text" owner="SeleniumLibrary">
<msg time="2025-01-14T18:14:19.424154" level="INFO">Typing text '10.556.232/0001-84' into text field 'id=formConsultaParcelamentoDarf:imNrCpfCnpjParcelamento'.</msg>
<arg>${INPUT_CNPJ}</arg>
<arg>${CNPJ}</arg>
<doc>Types the given ``text`` into the text field identified by ``locator``.</doc>
<status status="PASS" start="2025-01-14T18:14:19.423698" elapsed="0.189719"/>
</kw>
<kw name="Input Text" owner="SeleniumLibrary">
<msg time="2025-01-14T18:14:19.613796" level="INFO">Typing text '010760131' into text field 'id=formConsultaParcelamentoDarf:imNrContaParcelamento'.</msg>
<arg>${INPUT_PARCELAMENTO}</arg>
<arg>${Parcelamento}</arg>
<doc>Types the given ``text`` into the text field identified by ``locator``.</doc>
<status status="PASS" start="2025-01-14T18:14:19.613596" elapsed="0.046874"/>
</kw>
<status status="PASS" start="2025-01-14T18:14:19.174235" elapsed="0.486339"/>
</kw>
<kw name="Clique no Checkbox" owner="PGFN_PARC_keywords">
<kw name="Select Frame" owner="SeleniumLibrary">
<msg time="2025-01-14T18:14:19.661062" level="INFO">Selecting frame 'xpath://iframe[contains(@src, 'hcaptcha')]'.</msg>
<arg>${IFRAME_XPATH}</arg>
<doc>Sets frame identified by ``locator`` as the current frame.</doc>
<status status="PASS" start="2025-01-14T18:14:19.660935" elapsed="0.016792"/>
</kw>
<kw name="Click Element" owner="SeleniumLibrary">
<msg time="2025-01-14T18:14:19.677999" level="INFO">Clicking element '//div[contains(@id, 'checkbox')]'.</msg>
<arg>${CHECKBOX_CAPTCHA}</arg>
<doc>Click the element identified by ``locator``.</doc>
<status status="PASS" start="2025-01-14T18:14:19.677851" elapsed="0.176173"/>
</kw>
<kw name="Unselect Frame" owner="SeleniumLibrary">
<doc>Sets the main frame as the current frame.</doc>
<status status="PASS" start="2025-01-14T18:14:19.854169" elapsed="0.010982"/>
</kw>
<kw name="Sleep" owner="BuiltIn">
<msg time="2025-01-14T18:14:20.866397" level="INFO">Slept 1 second.</msg>
<arg>1</arg>
<doc>Pauses the test executed for the given time.</doc>
<status status="PASS" start="2025-01-14T18:14:19.865292" elapsed="1.001196"/>
</kw>
<status status="PASS" start="2025-01-14T18:14:19.660764" elapsed="1.205809"/>
</kw>
<kw name="Clique em &quot;Consultar&quot;" owner="PGFN_PARC_keywords">
<kw name="Click Element" owner="SeleniumLibrary">
<msg time="2025-01-14T18:14:20.867121" level="INFO">Clicking element 'class=ui-button-text'.</msg>
<arg>${CONSULTAR}</arg>
<doc>Click the element identified by ``locator``.</doc>
<status status="PASS" start="2025-01-14T18:14:20.866988" elapsed="0.622954"/>
</kw>
<kw name="Sleep" owner="BuiltIn">
<msg time="2025-01-14T18:14:22.491573" level="INFO">Slept 1 second.</msg>
<arg>1</arg>
<doc>Pauses the test executed for the given time.</doc>
<status status="PASS" start="2025-01-14T18:14:21.490135" elapsed="1.001647"/>
</kw>
<status status="PASS" start="2025-01-14T18:14:20.866767" elapsed="1.625216"/>
</kw>
<kw name="Clicando em Download de documento" owner="PGFN_PARC_keywords">
<kw name="Execute Javascript" owner="SeleniumLibrary">
<msg time="2025-01-14T18:14:22.493738" level="INFO">Executing JavaScript:
window.scrollBy(0, 500)
Without any arguments.</msg>
<arg>window.scrollBy(0, 500)</arg>
<doc>Executes the given JavaScript code with possible arguments.</doc>
<status status="PASS" start="2025-01-14T18:14:22.492937" elapsed="0.009046"/>
</kw>
<kw name="Click Element" owner="SeleniumLibrary">
<msg time="2025-01-14T18:14:22.502509" level="INFO">Clicking element 'id=formResumoParcelamentoDarf:tabaplicacaoparcelamentoparcela:5:NNimpressaoDarf'.</msg>
<msg time="2025-01-14T18:14:22.672059" level="INFO" html="true">&lt;/td&gt;&lt;/tr&gt;&lt;tr&gt;&lt;td colspan="3"&gt;&lt;a href="selenium-screenshot-43.png"&gt;&lt;img src="selenium-screenshot-43.png" width="800px"&gt;&lt;/a&gt;</msg>
<msg time="2025-01-14T18:14:22.672201" level="FAIL">Element with locator 'id=formResumoParcelamentoDarf:tabaplicacaoparcelamentoparcela:5:NNimpressaoDarf' not found.</msg>
<arg>${MES_VIGENTE}</arg>
<doc>Click the element identified by ``locator``.</doc>
<status status="FAIL" start="2025-01-14T18:14:22.502228" elapsed="0.172139">Element with locator 'id=formResumoParcelamentoDarf:tabaplicacaoparcelamentoparcela:5:NNimpressaoDarf' not found.</status>
</kw>
<kw name="Page Should Contain" owner="SeleniumLibrary">
<arg>Parcela para emissão</arg>
<doc>Verifies that current page contains ``text``.</doc>
<status status="NOT RUN" start="2025-01-14T18:14:22.674482" elapsed="0.000017"/>
</kw>
<kw name="Sleep" owner="BuiltIn">
<arg>2</arg>
<doc>Pauses the test executed for the given time.</doc>
<status status="NOT RUN" start="2025-01-14T18:14:22.674549" elapsed="0.000011"/>
</kw>
<kw name="Click Button" owner="SeleniumLibrary">
<arg>${Emitir}</arg>
<doc>Clicks the button identified by ``locator``.</doc>
<status status="NOT RUN" start="2025-01-14T18:14:22.674601" elapsed="0.000009"/>
</kw>
<kw name="Sleep" owner="BuiltIn">
<arg>2</arg>
<doc>Pauses the test executed for the given time.</doc>
<status status="NOT RUN" start="2025-01-14T18:14:22.674645" elapsed="0.000008"/>
</kw>
<kw name="Click Element" owner="SeleniumLibrary">
<arg>${Link_PDF}</arg>
<doc>Click the element identified by ``locator``.</doc>
<status status="NOT RUN" start="2025-01-14T18:14:22.674691" elapsed="0.000009"/>
</kw>
<kw name="Sleep" owner="BuiltIn">
<arg>2</arg>
<doc>Pauses the test executed for the given time.</doc>
<status status="NOT RUN" start="2025-01-14T18:14:22.674736" elapsed="0.000008"/>
</kw>
<status status="FAIL" start="2025-01-14T18:14:22.492445" elapsed="0.182360">Element with locator 'id=formResumoParcelamentoDarf:tabaplicacaoparcelamentoparcela:5:NNimpressaoDarf' not found.</status>
</kw>
<tag>linpys</tag>
<tag>parc1</tag>
<status status="FAIL" start="2025-01-14T18:14:16.573205" elapsed="6.101722">Element with locator 'id=formResumoParcelamentoDarf:tabaplicacaoparcelamentoparcela:5:NNimpressaoDarf' not found.</status>
</test>
<status status="FAIL" start="2025-01-14T18:14:16.469441" elapsed="6.205770"/>
</suite>
<statistics>
<total>
<stat pass="0" fail="1" skip="0">All Tests</stat>
</total>
<tag>
<stat pass="0" fail="1" skip="0">linpys</stat>
<stat pass="0" fail="1" skip="0">parc1</stat>
</tag>
<suite>
<stat pass="0" fail="1" skip="0" id="s1" name="PGFN LINPYS COMERCIO">PGFN LINPYS COMERCIO</stat>
</suite>
</statistics>
<errors>
<msg time="2025-01-14T18:14:16.571443" level="ERROR">Error in file '/Users/rafaellacavalcante/PycharmProjects/AstecaProjects/PGFN/resources/keywords/PGFN_PARC_keywords.resource' on line 5: Error in file '/Users/rafaellacavalcante/PycharmProjects/AstecaProjects/PGFN/tests/PGFN_PARC.robot' on line 4: Resource file with 'Test Cases' section is invalid.</msg>
</errors>
</robot>
